::1 - - [24/May/2018:06:23:02 +0000] "GET / HTTP/1.1" 200 301 "-" "Mozilla/5.0 (X11; Linux x86_64) AppleWebKit/537.36 (KHTML, like Gecko) Chrome/64.0.3282.167 Safari/537.36"
::1 - - [24/May/2018:06:24:23 +0000] "POST /posts HTTP/1.1" 500 87 "-" "Mozilla/5.0 (X11; Linux x86_64) AppleWebKit/537.36 (KHTML, like Gecko) Chrome/64.0.3282.167 Safari/537.36"
::1 - - [24/May/2018:06:25:32 +0000] "POST /posts HTTP/1.1" 500 87 "-" "Mozilla/5.0 (X11; Linux x86_64) AppleWebKit/537.36 (KHTML, like Gecko) Chrome/64.0.3282.167 Safari/537.36"
::1 - - [24/May/2018:06:25:53 +0000] "POST /posts HTTP/1.1" 400 642 "-" "Mozilla/5.0 (X11; Linux x86_64) AppleWebKit/537.36 (KHTML, like Gecko) Chrome/64.0.3282.167 Safari/537.36"
::1 - - [24/May/2018:06:27:16 +0000] "POST /posts HTTP/1.1" 500 99 "-" "Mozilla/5.0 (X11; Linux x86_64) AppleWebKit/537.36 (KHTML, like Gecko) Chrome/64.0.3282.167 Safari/537.36"
::1 - - [24/May/2018:06:27:59 +0000] "POST /posts HTTP/1.1" 201 6 "-" "Mozilla/5.0 (X11; Linux x86_64) AppleWebKit/537.36 (KHTML, like Gecko) Chrome/64.0.3282.167 Safari/537.36"
::1 - - [24/May/2018:06:29:50 +0000] "POST /posts HTTP/1.1" 201 6 "-" "Mozilla/5.0 (X11; Linux x86_64) AppleWebKit/537.36 (KHTML, like Gecko) Chrome/64.0.3282.167 Safari/537.36"
::1 - - [24/May/2018:06:29:59 +0000] "POST /posts HTTP/1.1" 500 97 "-" "Mozilla/5.0 (X11; Linux x86_64) AppleWebKit/537.36 (KHTML, like Gecko) Chrome/64.0.3282.167 Safari/537.36"
::1 - - [24/May/2018:06:30:32 +0000] "POST /posts HTTP/1.1" 500 97 "-" "Mozilla/5.0 (X11; Linux x86_64) AppleWebKit/537.36 (KHTML, like Gecko) Chrome/64.0.3282.167 Safari/537.36"
::1 - - [25/May/2018:04:26:58 +0000] "GET / HTTP/1.1" 304 - "-" "Mozilla/5.0 (X11; Linux x86_64) AppleWebKit/537.36 (KHTML, like Gecko) Chrome/64.0.3282.167 Safari/537.36"
::1 - - [25/May/2018:04:26:59 +0000] "GET /favicon.ico HTTP/1.1" 404 46 "http://localhost:4000/" "Mozilla/5.0 (X11; Linux x86_64) AppleWebKit/537.36 (KHTML, like Gecko) Chrome/64.0.3282.167 Safari/537.36"
::1 - - [25/May/2018:05:11:04 +0000] "POST /followers/7/following/4 HTTP/1.1" 500 88 "-" "Mozilla/5.0 (X11; Linux x86_64) AppleWebKit/537.36 (KHTML, like Gecko) Chrome/64.0.3282.167 Safari/537.36"
::1 - - [25/May/2018:05:12:14 +0000] "DELETE /followers/7/following/4 HTTP/1.1" 500 105 "-" "Mozilla/5.0 (X11; Linux x86_64) AppleWebKit/537.36 (KHTML, like Gecko) Chrome/64.0.3282.167 Safari/537.36"
::1 - - [25/May/2018:05:13:10 +0000] "DELETE /followers/7/following/4 HTTP/1.1" 500 105 "-" "Mozilla/5.0 (X11; Linux x86_64) AppleWebKit/537.36 (KHTML, like Gecko) Chrome/64.0.3282.167 Safari/537.36"
::1 - - [25/May/2018:05:13:45 +0000] "DELETE /followers/7/following/4 HTTP/1.1" 204 - "-" "Mozilla/5.0 (X11; Linux x86_64) AppleWebKit/537.36 (KHTML, like Gecko) Chrome/64.0.3282.167 Safari/537.36"
::1 - - [25/May/2018:05:14:41 +0000] "DELETE /followers/7/following/3 HTTP/1.1" 200 51 "-" "Mozilla/5.0 (X11; Linux x86_64) AppleWebKit/537.36 (KHTML, like Gecko) Chrome/64.0.3282.167 Safari/537.36"
::1 - - [25/May/2018:05:15:54 +0000] "POST /followers/7/following/3 HTTP/1.1" 500 88 "-" "Mozilla/5.0 (X11; Linux x86_64) AppleWebKit/537.36 (KHTML, like Gecko) Chrome/64.0.3282.167 Safari/537.36"
::1 - - [25/May/2018:05:17:22 +0000] "POST /followers HTTP/1.1" 200 6 "-" "Mozilla/5.0 (X11; Linux x86_64) AppleWebKit/537.36 (KHTML, like Gecko) Chrome/64.0.3282.167 Safari/537.36"
::1 - - [25/May/2018:05:18:29 +0000] "POST /followers HTTP/1.1" 200 51 "-" "Mozilla/5.0 (X11; Linux x86_64) AppleWebKit/537.36 (KHTML, like Gecko) Chrome/64.0.3282.167 Safari/537.36"
::1 - - [25/May/2018:07:13:36 +0000] "POST /followers HTTP/1.1" 200 51 "-" "Mozilla/5.0 (X11; Linux x86_64) AppleWebKit/537.36 (KHTML, like Gecko) Chrome/64.0.3282.167 Safari/537.36"
::1 - - [25/May/2018:07:14:13 +0000] "POST /followers HTTP/1.1" 200 51 "-" "Mozilla/5.0 (X11; Linux x86_64) AppleWebKit/537.36 (KHTML, like Gecko) Chrome/64.0.3282.167 Safari/537.36"
::1 - - [25/May/2018:07:14:30 +0000] "POST /followers HTTP/1.1" 200 51 "-" "Mozilla/5.0 (X11; Linux x86_64) AppleWebKit/537.36 (KHTML, like Gecko) Chrome/64.0.3282.167 Safari/537.36"
::1 - - [25/May/2018:07:15:36 +0000] "POST /followers HTTP/1.1" 500 110 "-" "Mozilla/5.0 (X11; Linux x86_64) AppleWebKit/537.36 (KHTML, like Gecko) Chrome/64.0.3282.167 Safari/537.36"
::1 - - [25/May/2018:07:19:28 +0000] "DELETE /followers/19 HTTP/1.1" 500 51 "-" "Mozilla/5.0 (X11; Linux x86_64) AppleWebKit/537.36 (KHTML, like Gecko) Chrome/64.0.3282.167 Safari/537.36"
::1 - - [25/May/2018:07:20:25 +0000] "DELETE /followers/19 HTTP/1.1" 500 51 "-" "Mozilla/5.0 (X11; Linux x86_64) AppleWebKit/537.36 (KHTML, like Gecko) Chrome/64.0.3282.167 Safari/537.36"
::1 - - [25/May/2018:07:20:52 +0000] "DELETE /followers/19 HTTP/1.1" 500 51 "-" "Mozilla/5.0 (X11; Linux x86_64) AppleWebKit/537.36 (KHTML, like Gecko) Chrome/64.0.3282.167 Safari/537.36"
::1 - - [25/May/2018:07:21:30 +0000] "GET /followers/19 HTTP/1.1" 404 46 "-" "Mozilla/5.0 (X11; Linux x86_64) AppleWebKit/537.36 (KHTML, like Gecko) Chrome/64.0.3282.167 Safari/537.36"
::1 - - [29/May/2018:06:43:26 +0000] "GET / HTTP/1.1" 304 - "-" "Mozilla/5.0 (X11; Linux x86_64) AppleWebKit/537.36 (KHTML, like Gecko) Chrome/64.0.3282.167 Safari/537.36"
::1 - - [29/May/2018:06:43:27 +0000] "GET /favicon.ico HTTP/1.1" 404 46 "http://localhost:4000/" "Mozilla/5.0 (X11; Linux x86_64) AppleWebKit/537.36 (KHTML, like Gecko) Chrome/64.0.3282.167 Safari/537.36"
::1 - - [29/May/2018:06:44:11 +0000] "GET /users/search?userId=2&char=J HTTP/1.1" 500 47 "-" "Mozilla/5.0 (X11; Linux x86_64) AppleWebKit/537.36 (KHTML, like Gecko) Chrome/64.0.3282.167 Safari/537.36"
::1 - - [29/May/2018:06:44:34 +0000] "GET /users/search?userId=2&char=J HTTP/1.1" 500 47 "-" "Mozilla/5.0 (X11; Linux x86_64) AppleWebKit/537.36 (KHTML, like Gecko) Chrome/64.0.3282.167 Safari/537.36"
::1 - - [29/May/2018:06:44:53 +0000] "GET /users/search?userId=2&char=J HTTP/1.1" 500 47 "-" "Mozilla/5.0 (X11; Linux x86_64) AppleWebKit/537.36 (KHTML, like Gecko) Chrome/64.0.3282.167 Safari/537.36"
::1 - - [29/May/2018:06:45:19 +0000] "GET /users/search?userId=2&char=J HTTP/1.1" 500 105 "-" "Mozilla/5.0 (X11; Linux x86_64) AppleWebKit/537.36 (KHTML, like Gecko) Chrome/64.0.3282.167 Safari/537.36"
::1 - - [29/May/2018:06:47:17 +0000] "GET /users/search?userId=2&char=J HTTP/1.1" 200 150 "-" "Mozilla/5.0 (X11; Linux x86_64) AppleWebKit/537.36 (KHTML, like Gecko) Chrome/64.0.3282.167 Safari/537.36"
::1 - - [29/May/2018:06:47:35 +0000] "GET /users/search?userId=2&char=J HTTP/1.1" 304 - "-" "Mozilla/5.0 (X11; Linux x86_64) AppleWebKit/537.36 (KHTML, like Gecko) Chrome/64.0.3282.167 Safari/537.36"
::1 - - [29/May/2018:06:49:40 +0000] "GET /users/search?userId=2&char=J HTTP/1.1" 500 107 "-" "Mozilla/5.0 (X11; Linux x86_64) AppleWebKit/537.36 (KHTML, like Gecko) Chrome/64.0.3282.167 Safari/537.36"
::1 - - [29/May/2018:06:50:15 +0000] "GET /users/search?userId=2&char=J HTTP/1.1" 200 108 "-" "Mozilla/5.0 (X11; Linux x86_64) AppleWebKit/537.36 (KHTML, like Gecko) Chrome/64.0.3282.167 Safari/537.36"
::1 - - [29/May/2018:06:50:41 +0000] "GET /users/search?userId=2&char=J HTTP/1.1" 304 - "-" "Mozilla/5.0 (X11; Linux x86_64) AppleWebKit/537.36 (KHTML, like Gecko) Chrome/64.0.3282.167 Safari/537.36"
::1 - - [29/May/2018:06:51:23 +0000] "GET /users/search?userId=1&char=o HTTP/1.1" 200 332 "-" "Mozilla/5.0 (X11; Linux x86_64) AppleWebKit/537.36 (KHTML, like Gecko) Chrome/64.0.3282.167 Safari/537.36"
::1 - - [29/May/2018:06:52:06 +0000] "GET /users/search?userId=56&char=o HTTP/1.1" 200 334 "-" "Mozilla/5.0 (X11; Linux x86_64) AppleWebKit/537.36 (KHTML, like Gecko) Chrome/64.0.3282.167 Safari/537.36"
::1 - - [29/May/2018:06:53:21 +0000] "GET /users/search?userId=56&char=o HTTP/1.1" 500 106 "-" "Mozilla/5.0 (X11; Linux x86_64) AppleWebKit/537.36 (KHTML, like Gecko) Chrome/64.0.3282.167 Safari/537.36"
::1 - - [29/May/2018:06:59:14 +0000] "GET /posts/1 HTTP/1.1" 200 2125 "-" "Mozilla/5.0 (X11; Linux x86_64) AppleWebKit/537.36 (KHTML, like Gecko) Chrome/64.0.3282.167 Safari/537.36"
::1 - - [29/May/2018:06:59:17 +0000] "GET /posts/1/friends HTTP/1.1" 200 10589 "-" "Mozilla/5.0 (X11; Linux x86_64) AppleWebKit/537.36 (KHTML, like Gecko) Chrome/64.0.3282.167 Safari/537.36"
::1 - - [29/May/2018:06:59:34 +0000] "GET /posts/1/friends HTTP/1.1" 500 2 "-" "Mozilla/5.0 (X11; Linux x86_64) AppleWebKit/537.36 (KHTML, like Gecko) Chrome/64.0.3282.167 Safari/537.36"
::1 - - [29/May/2018:06:59:55 +0000] "GET /posts/1/friends HTTP/1.1" 500 77 "-" "Mozilla/5.0 (X11; Linux x86_64) AppleWebKit/537.36 (KHTML, like Gecko) Chrome/64.0.3282.167 Safari/537.36"
